src/buttons/app/build/outputs/mapping/release/seeds.txt
io.github.sudo_self.twa.LauncherActivity
io.github.sudo_self.twa.Application
io.github.sudo_self.twa.DelegationService
io.github.sudo_self.twa.LauncherActivity: LauncherActivity()
io.github.sudo_self.twa.Application: Application()
io.github.sudo_self.twa.DelegationService: DelegationService()
...
com.google.androidbrowserhelper.trusted.FocusActivity
androidx.lifecycle.FullLifecycleObserverAdapter
com.google.androidbrowserhelper.trusted.ManageDataLauncherActivity
androidx.annotation.Keep
androidx.core.app.RemoteActionCompat
androidx.core.graphics.drawable.IconCompatParcelizer
androidx.versionedparcelable.CustomVersionedParcelable
androidx.versionedparcelable.ParcelImpl
androidx.core.graphics.drawable.IconCompat
com.google.androidbrowserhelper.trusted.WebViewFallbackActivity
androidx.lifecycle.CompositeGeneratedAdaptersObserver
androidx.core.app.CoreComponentFactory
androidx.core.app.RemoteActionCompatParcelizer
androidx.lifecycle.SingleGeneratedAdapterObserver
android.support.v4.app.RemoteActionCompatParcelizer
android.support.v4.graphics.drawable.IconCompatParcelizer
androidx.core.content.FileProvider
androidx.lifecycle.ReflectiveGenericLifecycleObserver
com.google.androidbrowserhelper.trusted.NotificationPermissionRequestActivity
androidx.browser.browseractions.BrowserActionsFallbackMenuView
androidx.versionedparcelable.ParcelImpl: android.os.Parcelable$Creator CREATOR
android.support.v4.graphics.drawable.IconCompatParcelizer: void write(androidx.core.graphics.drawable.IconCompat,androidx.versionedparcelable.VersionedParcel)
android.support.v4.app.RemoteActionCompatParcelizer: androidx.core.app.RemoteActionCompat read(androidx.versionedparcelable.VersionedParcel)
android.support.v4.graphics.drawable.IconCompatParcelizer: androidx.core.graphics.drawable.IconCompat read(androidx.versionedparcelable.VersionedParcel)
androidx.core.app.RemoteActionCompatParcelizer: androidx.core.app.RemoteActionCompat read(androidx.versionedparcelable.VersionedParcel)
android.support.v4.app.RemoteActionCompatParcelizer: void write(androidx.core.app.RemoteActionCompat,androidx.versionedparcelable.VersionedParcel)
androidx.core.app.RemoteActionCompatParcelizer: void write(androidx.core.app.RemoteActionCompat,androidx.versionedparcelable.VersionedParcel)
com.google.androidbrowserhelper.trusted.WebViewFallbackActivity: WebViewFallbackActivity()
com.google.androidbrowserhelper.trusted.ManageDataLauncherActivity: ManageDataLauncherActivity()
androidx.core.app.RemoteActionCompat: RemoteActionCompat()
androidx.core.graphics.drawable.IconCompatParcelizer: IconCompatParcelizer()
com.google.androidbrowserhelper.trusted.FocusActivity: FocusActivity()
androidx.core.graphics.drawable.IconCompatParcelizer: void write(androidx.core.graphics.drawable.IconCompat,androidx.versionedparcelable.VersionedParcel)
com.google.androidbrowserhelper.trusted.NotificationPermissionRequestActivity: NotificationPermissionRequestActivity()
androidx.core.app.RemoteActionCompatParcelizer: RemoteActionCompatParcelizer()
androidx.core.graphics.drawable.IconCompat: IconCompat()
android.support.v4.app.RemoteActionCompatParcelizer: RemoteActionCompatParcelizer()
androidx.core.app.CoreComponentFactory: CoreComponentFactory()
android.support.v4.graphics.drawable.IconCompatParcelizer: IconCompatParcelizer()
androidx.core.graphics.drawable.IconCompatParcelizer: androidx.core.graphics.drawable.IconCompat read(androidx.versionedparcelable.VersionedParcel)
androidx.versionedparcelable.CustomVersionedParcelable: CustomVersionedParcelable()
androidx.core.content.FileProvider: FileProvider()
androidx.browser.browseractions.BrowserActionsFallbackMenuView: BrowserActionsFallbackMenuView(android.content.Context,android.util.AttributeSet)