src/buttons/app/build/outputs/mapping/release/mapping.txt
# compiler: R8
# compiler_version: 8.5.10
# min_api: 19
# common_typos_disable
# {"id":"com.android.tools.r8.mapping","version":"2.2"}
# pg_map_id: 83894b7
# pg_map_hash: SHA-256 83894b78e73ac87b4176bc63aca127516f8cdc8fac9202ee79ef47ca108126c2
io.github.sudo_self.twa.Application -> io.github.sudo_self.twa.Application:
# {"id":"sourceFile","fileName":"Application.java"}
io.github.sudo_self.twa.DelegationService -> io.github.sudo_self.twa.DelegationService:
# {"id":"sourceFile","fileName":"DelegationService.java"}
io.github.sudo_self.twa.LauncherActivity -> io.github.sudo_self.twa.LauncherActivity:
# {"id":"sourceFile","fileName":"LauncherActivity.java"}
    1:1:android.net.Uri getLaunchingUrl():0:0 -> h
...
androidx.collection.MapCollections$ValuesCollection -> h.c$e:
# {"id":"sourceFile","fileName":"MapCollections.java"}
    androidx.collection.MapCollections this$0 -> a
      # {"id":"com.android.tools.r8.residualsignature","signature":"Lh/c;"}
    1:6:void <init>(androidx.collection.MapCollections):0:0 -> <init>
      # {"id":"com.android.tools.r8.residualsignature","signature":"(Lh/c;)V"}
    1:6:boolean add(java.lang.Object):0:0 -> add
    1:6:boolean addAll(java.util.Collection):0:0 -> addAll
    1:6:void clear():0:0 -> clear
    1:12:boolean contains(java.lang.Object):0:0 -> contains
    1:24:boolean containsAll(java.util.Collection):0:0 -> containsAll
    1:12:boolean isEmpty():0:0 -> isEmpty
    1:9:java.util.Iterator iterator():0:0 -> iterator
    1:17:boolean remove(java.lang.Object):0:0 -> remove
    1:36:boolean removeAll(java.util.Collection):0:0 -> removeAll
    1:36:boolean retainAll(java.util.Collection):0:0 -> retainAll
    1:7:int size():0:0 -> size
    1:1:java.lang.Object[] toArray():0:0 -> toArray
    2:2:java.lang.Object[] toArray(java.lang.Object[]):0:0 -> toArray
androidx.collection.SimpleArrayMap -> h.d:
# {"id":"sourceFile","fileName":"SimpleArrayMap.java"}
    int[] mHashes -> a
    java.lang.Object[] mArray -> b
    int mSize -> c
    java.lang.Object[] mBaseCache -> d
    int mBaseCacheSize -> e
    java.lang.Object[] mTwiceBaseCache -> f
    int mTwiceBaseCacheSize -> g
    1:15:void <init>():0:0 -> <init>
    8:96:void allocArrays(int):0:0 -> a
    1:11:int binarySearchHashes(int[],int,int):0:0 -> b
    1:43:void ensureCapacity(int):0:0 -> c
    1:33:void clear():0:0 -> clear
    1:10:boolean containsKey(java.lang.Object):0:0 -> containsKey
    1:10:boolean containsValue(java.lang.Object):0:0 -> containsValue
    1:88:void freeArrays(int[],java.lang.Object[],int):0:0 -> d
    1:83:int indexOf(java.lang.Object,int):0:0 -> e
    5:119:boolean equals(java.lang.Object):0:0 -> equals
    3:16:int indexOfKey(java.lang.Object):0:0 -> f
    1:72:int indexOfNull():0:0 -> g
    2:6:java.lang.Object get(java.lang.Object):0:0 -> get
    1:15:java.lang.Object getOrDefault(java.lang.Object,java.lang.Object):0:0 -> getOrDefault
    1:40:int indexOfValue(java.lang.Object):0:0 -> h
    1:32:int hashCode():0:0 -> hashCode
    1:7:java.lang.Object keyAt(int):0:0 -> i
    1:8:boolean isEmpty():0:0 -> isEmpty
    1:134:java.lang.Object removeAt(int):0:0 -> j
    5:11:java.lang.Object setValueAt(int,java.lang.Object):0:0 -> k
    1:9:java.lang.Object valueAt(int):0:0 -> l
    1:147:java.lang.Object put(java.lang.Object,java.lang.Object):0:0 -> put
androidx.core.app.ActivityCompat -> i.b:
# {"id":"sourceFile","fileName":"ActivityCompat.java"}
    1:10:void requestPermissions(android.app.Activity,java.lang.String[],int):0:0 -> f
androidx.core.app.ActivityCompat$$ExternalSyntheticApiModelOutline0 -> i.a:
# {"id":"sourceFile","fileName":"R8$$SyntheticClass"}
# {"id":"com.android.tools.r8.synthesized"}
    1:1:void i.ActivityCompat$$ExternalSyntheticApiModelOutline0.m(android.app.Activity,java.lang.String[],int):0:0 -> a
      # {"id":"com.android.tools.r8.synthesized"}
androidx.core.app.BundleCompat -> i.c:
# {"id":"sourceFile","fileName":"BundleCompat.java"}
    1:4:void putBinder(android.os.Bundle,java.lang.String,android.os.IBinder):0:0 -> a
androidx.core.app.CoreComponentFactory -> androidx.core.app.CoreComponentFactory:
# {"id":"sourceFile","fileName":"CoreComponentFactory.java"}
    1:1:java.lang.Object checkCompatWrapper(java.lang.Object):0:0 -> a